c:\users\abdelrahman\documents\mass-spring-simulation\debug\clothy.bsc
c:\users\abdelrahman\documents\mass-spring-simulation\debug\clothy.pch
c:\users\abdelrahman\documents\mass-spring-simulation\debug\vc140.pdb
c:\users\abdelrahman\documents\mass-spring-simulation\debug\vc140.idb
c:\users\abdelrahman\documents\mass-spring-simulation\debug\stdafx.sbr
c:\users\abdelrahman\documents\mass-spring-simulation\debug\stdafx.obj
c:\users\abdelrahman\documents\mass-spring-simulation\debug\addspher.sbr
c:\users\abdelrahman\documents\mass-spring-simulation\debug\clothy.sbr
c:\users\abdelrahman\documents\mass-spring-simulation\debug\loadobj.sbr
c:\users\abdelrahman\documents\mass-spring-simulation\debug\mainfrm.sbr
c:\users\abdelrahman\documents\mass-spring-simulation\debug\mathdefs.sbr
c:\users\abdelrahman\documents\mass-spring-simulation\debug\newcloth.sbr
c:\users\abdelrahman\documents\mass-spring-simulation\debug\oglview.sbr
c:\users\abdelrahman\documents\mass-spring-simulation\debug\physenv.sbr
c:\users\abdelrahman\documents\mass-spring-simulation\debug\setvert.sbr
c:\users\abdelrahman\documents\mass-spring-simulation\debug\simprops.sbr
c:\users\abdelrahman\documents\mass-spring-simulation\debug\skeleton.sbr
c:\users\abdelrahman\documents\mass-spring-simulation\debug\timeprops.sbr
c:\users\abdelrahman\documents\mass-spring-simulation\debug\timeprops.obj
c:\users\abdelrahman\documents\mass-spring-simulation\debug\skeleton.obj
c:\users\abdelrahman\documents\mass-spring-simulation\debug\simprops.obj
c:\users\abdelrahman\documents\mass-spring-simulation\debug\setvert.obj
c:\users\abdelrahman\documents\mass-spring-simulation\debug\physenv.obj
c:\users\abdelrahman\documents\mass-spring-simulation\debug\oglview.obj
c:\users\abdelrahman\documents\mass-spring-simulation\debug\newcloth.obj
c:\users\abdelrahman\documents\mass-spring-simulation\debug\mathdefs.obj
c:\users\abdelrahman\documents\mass-spring-simulation\debug\mainfrm.obj
c:\users\abdelrahman\documents\mass-spring-simulation\debug\loadobj.obj
c:\users\abdelrahman\documents\mass-spring-simulation\debug\clothy.obj
c:\users\abdelrahman\documents\mass-spring-simulation\debug\addspher.obj
c:\users\abdelrahman\documents\mass-spring-simulation\debug\cloth simulation.ilk
c:\users\abdelrahman\documents\mass-spring-simulation\debug\cloth simulation.exe
c:\users\abdelrahman\documents\mass-spring-simulation\debug\cloth.pdb
c:\users\abdelrahman\documents\mass-spring-simulation\debug\clothy.res
c:\users\abdelrahman\documents\mass-spring-simulation\debug\cloth.tlog\bscmake.command.1.tlog
c:\users\abdelrahman\documents\mass-spring-simulation\debug\cloth.tlog\bscmake.read.1.tlog
c:\users\abdelrahman\documents\mass-spring-simulation\debug\cloth.tlog\bscmake.write.1.tlog
c:\users\abdelrahman\documents\mass-spring-simulation\debug\cloth.tlog\cl.command.1.tlog
c:\users\abdelrahman\documents\mass-spring-simulation\debug\cloth.tlog\cl.read.1.tlog
c:\users\abdelrahman\documents\mass-spring-simulation\debug\cloth.tlog\cl.write.1.tlog
c:\users\abdelrahman\documents\mass-spring-simulation\debug\cloth.tlog\link.command.1.tlog
c:\users\abdelrahman\documents\mass-spring-simulation\debug\cloth.tlog\link.read.1.tlog
c:\users\abdelrahman\documents\mass-spring-simulation\debug\cloth.tlog\link.write.1.tlog
c:\users\abdelrahman\documents\mass-spring-simulation\debug\cloth.tlog\rc.command.1.tlog
c:\users\abdelrahman\documents\mass-spring-simulation\debug\cloth.tlog\rc.read.1.tlog
c:\users\abdelrahman\documents\mass-spring-simulation\debug\cloth.tlog\rc.write.1.tlog
